

Started GET "/project" for 127.0.0.1 at Sat Jun 04 19:43:34 -0400 2011

ActionController::RoutingError (No route matches "/project"):
  

Rendered /usr/lib/ruby/gems/1.8/gems/actionpack-3.0.7/lib/action_dispatch/middleware/templates/rescues/routing_error.erb within rescues/layout (0.7ms)


Started GET "/projects" for 127.0.0.1 at Sat Jun 04 19:43:36 -0400 2011
  Processing by ProjectsController#index as HTML
  [1m[36mProject Load (1.5ms)[0m  [1mSELECT "projects".* FROM "projects"[0m
SQLite3::SQLException: no such table: projects: SELECT "projects".* FROM "projects"
Completed   in 20ms

ActiveRecord::StatementInvalid (SQLite3::SQLException: no such table: projects: SELECT "projects".* FROM "projects"):
  app/controllers/projects_controller.rb:5:in `index'

Rendered /usr/lib/ruby/gems/1.8/gems/actionpack-3.0.7/lib/action_dispatch/middleware/templates/rescues/_trace.erb (2.6ms)
Rendered /usr/lib/ruby/gems/1.8/gems/actionpack-3.0.7/lib/action_dispatch/middleware/templates/rescues/_request_and_response.erb (3.7ms)
Rendered /usr/lib/ruby/gems/1.8/gems/actionpack-3.0.7/lib/action_dispatch/middleware/templates/rescues/diagnostics.erb within rescues/layout (10.3ms)
  [1m[36mSQL (0.6ms)[0m  [1m SELECT name
 FROM sqlite_master
 WHERE type = 'table' AND NOT name = 'sqlite_sequence'
[0m
  [1m[35mSQL (69.9ms)[0m  select sqlite_version(*)
  [1m[36mSQL (36.5ms)[0m  [1mCREATE TABLE "schema_migrations" ("version" varchar(255) NOT NULL) [0m
  [1m[35mSQL (0.1ms)[0m  PRAGMA index_list("schema_migrations")
  [1m[36mSQL (3.0ms)[0m  [1mCREATE UNIQUE INDEX "unique_schema_migrations" ON "schema_migrations" ("version")[0m
  [1m[35mSQL (0.1ms)[0m   SELECT name
 FROM sqlite_master
 WHERE type = 'table' AND NOT name = 'sqlite_sequence'
  [1m[36mSQL (0.1ms)[0m  [1m SELECT name
 FROM sqlite_master
 WHERE type = 'table' AND NOT name = 'sqlite_sequence'
[0m
  [1m[35mSQL (0.1ms)[0m  SELECT "schema_migrations"."version" FROM "schema_migrations"
Migrating to CreateProjects (20110604230219)
  [1m[36mSQL (0.4ms)[0m  [1mCREATE TABLE "projects" ("id" INTEGER PRIMARY KEY AUTOINCREMENT NOT NULL, "title" varchar(255), "description" text, "photo_url" varchar(255), "goal_amount" decimal, "created_at" datetime, "updated_at" datetime) [0m
  [1m[35mSQL (0.1ms)[0m  INSERT INTO "schema_migrations" ("version") VALUES ('20110604230219')
  [1m[36mSQL (0.2ms)[0m  [1m SELECT name
 FROM sqlite_master
 WHERE type = 'table' AND NOT name = 'sqlite_sequence'
[0m
  [1m[35mSQL (0.1ms)[0m  SELECT "schema_migrations"."version" FROM "schema_migrations"
  [1m[36mSQL (0.1ms)[0m  [1m SELECT name
 FROM sqlite_master
 WHERE type = 'table' AND NOT name = 'sqlite_sequence'
[0m
  [1m[35mSQL (0.0ms)[0m  PRAGMA index_list("projects")


Started GET "/projects" for 127.0.0.1 at Sat Jun 04 19:47:54 -0400 2011
  Processing by ProjectsController#index as HTML
  [1m[35mProject Load (0.7ms)[0m  SELECT "projects".* FROM "projects"
Rendered projects/index.html.erb within layouts/application (2.5ms)
Completed 200 OK in 12ms (Views: 6.8ms | ActiveRecord: 0.7ms)
  [1m[36mSQL (1.6ms)[0m  [1m SELECT name
 FROM sqlite_master
 WHERE type = 'table' AND NOT name = 'sqlite_sequence'
[0m
  [1m[35mSQL (0.1ms)[0m   SELECT name
 FROM sqlite_master
 WHERE type = 'table' AND NOT name = 'sqlite_sequence'
  [1m[36mSQL (0.1ms)[0m  [1mSELECT "schema_migrations"."version" FROM "schema_migrations"[0m
Migrating to CreateProjects (20110604230219)
Migrating to CreateUsers (20110605000350)
  [1m[35mSQL (0.1ms)[0m  select sqlite_version(*)
  [1m[36mSQL (0.5ms)[0m  [1mCREATE TABLE "users" ("id" INTEGER PRIMARY KEY AUTOINCREMENT NOT NULL, "user_type" varchar(255), "full_name" varchar(255), "address" varchar(255), "email" varchar(255), "password" varchar(255), "organization" varchar(255), "created_at" datetime, "updated_at" datetime) [0m
  [1m[35mSQL (0.1ms)[0m  INSERT INTO "schema_migrations" ("version") VALUES ('20110605000350')
  [1m[36mSQL (0.2ms)[0m  [1m SELECT name
 FROM sqlite_master
 WHERE type = 'table' AND NOT name = 'sqlite_sequence'
[0m
  [1m[35mSQL (0.1ms)[0m  SELECT "schema_migrations"."version" FROM "schema_migrations"
  [1m[36mSQL (0.1ms)[0m  [1m SELECT name
 FROM sqlite_master
 WHERE type = 'table' AND NOT name = 'sqlite_sequence'
[0m
  [1m[35mSQL (0.0ms)[0m  PRAGMA index_list("projects")
  [1m[36mSQL (0.0ms)[0m  [1mPRAGMA index_list("users")[0m
